Arguments: 
  /opt/homebrew/Cellar/node@14/14.17.1/bin/node /opt/homebrew/Cellar/yarn/1.22.10/libexec/bin/yarn.js add ts-node

PATH: 
  /opt/homebrew/opt/node@14/bin:/opt/homebrew/bin:/opt/homebrew/sbin:/usr/local/bin:/usr/bin:/bin:/usr/sbin:/sbin:/Library/Apple/usr/bin:/opt/homebrew/opt/node@14/bin:/opt/homebrew/bin:/opt/homebrew/sbin

Yarn version: 
  1.22.10

Node version: 
  14.17.1

Platform: 
  darwin arm64

Trace: 
  SyntaxError: /Users/wjq/TestLab-02/lireddit-dev/package.json: Unexpected token } in JSON at position 311
      at JSON.parse (<anonymous>)
      at /opt/homebrew/Cellar/yarn/1.22.10/libexec/lib/cli.js:1625:59
      at Generator.next (<anonymous>)
      at step (/opt/homebrew/Cellar/yarn/1.22.10/libexec/lib/cli.js:310:30)
      at /opt/homebrew/Cellar/yarn/1.22.10/libexec/lib/cli.js:321:13

npm manifest: 
  {
    "name": "lireddit-dev",
    "version": "1.0.0",
    "description": "start from  ``` git clone https://github.com/benawad/lireddit.git git reset --hard 183708fa0692f5bdc5a32b3b61b94bc594206dbe yarn add class-validator ```",
    "main": "index.js",
    "scripts": {
      "start": "ts-node src/index.js",
      "dev": 
    },
    "repository": {
      "type": "git",
      "url": "git+https://github.com/jiaqiwang969/lireddit-dev.git"
    },
    "keywords": [],
    "author": "",
    "license": "ISC",
    "bugs": {
      "url": "https://github.com/jiaqiwang969/lireddit-dev/issues"
    },
    "homepage": "https://github.com/jiaqiwang969/lireddit-dev#readme",
    "devDependencies": {
      "@types/node": "^16.3.1",
      "typescript": "^4.3.5"
    }
  }

yarn manifest: 
  No manifest

Lockfile: 
  # THIS IS AN AUTOGENERATED FILE. DO NOT EDIT THIS FILE DIRECTLY.
  # yarn lockfile v1
  
  
  "@types/node@^16.3.1":
    version "16.3.1"
    resolved "https://registry.yarnpkg.com/@types/node/-/node-16.3.1.tgz#24691fa2b0c3ec8c0d34bfcfd495edac5593ebb4"
    integrity sha512-N87VuQi7HEeRJkhzovao/JviiqKjDKMVKxKMfUvSKw+MbkbW8R0nA3fi/MQhhlxV2fQ+2ReM+/Nt4efdrJx3zA==
  
  typescript@^4.3.5:
    version "4.3.5"
    resolved "https://registry.yarnpkg.com/typescript/-/typescript-4.3.5.tgz#4d1c37cc16e893973c45a06886b7113234f119f4"
    integrity sha512-DqQgihaQ9cUrskJo9kIyW/+g0Vxsk8cDtZ52a3NGh0YNTfpUSArXSohyUGnvbPazEPLu398C0UxmKSOrPumUzA==
